2020-04-03T15:59:20.1355273-06:00	INFO	[Hangfire.BackgroundJobServer]	[0]	Starting Hangfire Server using job storage: 'Hangfire.MemoryStorage.MemoryStorage'
2020-04-03T15:59:20.1385649-06:00	INFO	[Hangfire.BackgroundJobServer]	[0]	Using the following options for Hangfire Server:
    Worker count: 20
    Listening queues: 'default'
    Shutdown timeout: 00:00:15
    Schedule polling interval: 00:00:15
2020-04-03T15:59:20.2294123-06:00	INFO	[Hangfire.BackgroundJobServer]	[0]	Starting Hangfire Server using job storage: 'Hangfire.MemoryStorage.MemoryStorage'
2020-04-03T15:59:20.2294368-06:00	INFO	[Hangfire.BackgroundJobServer]	[0]	Using the following options for Hangfire Server:
    Worker count: 20
    Listening queues: 'default'
    Shutdown timeout: 00:00:15
    Schedule polling interval: 00:00:15
2020-04-03T15:59:20.2510079-06:00	INFO	[Hangfire.Server.BackgroundServerProcess]	[0]	Server roger-pc:17836:3146ca38 successfully announced in 101.8542 ms
2020-04-03T15:59:20.2510111-06:00	INFO	[Hangfire.Server.BackgroundServerProcess]	[0]	Server roger-pc:17836:f605d0e0 successfully announced in 20.7292 ms
2020-04-03T15:59:20.2541883-06:00	INFO	[Hangfire.Server.BackgroundServerProcess]	[0]	Server roger-pc:17836:3146ca38 is starting the registered dispatchers: ServerWatchdog, ServerJobCancellationWatcher, ExpirationManager, CountersAggregator, Worker, DelayedJobScheduler, RecurringJobScheduler...
2020-04-03T15:59:20.2541883-06:00	INFO	[Hangfire.Server.BackgroundServerProcess]	[0]	Server roger-pc:17836:f605d0e0 is starting the registered dispatchers: ServerWatchdog, ServerJobCancellationWatcher, ExpirationManager, CountersAggregator, Worker, DelayedJobScheduler, RecurringJobScheduler...
2020-04-03T15:59:20.2588662-06:00	INFO	[Hangfire.Server.BackgroundServerProcess]	[0]	Server roger-pc:17836:f605d0e0 all the dispatchers started
2020-04-03T15:59:20.2589265-06:00	INFO	[Hangfire.Server.BackgroundServerProcess]	[0]	Server roger-pc:17836:3146ca38 all the dispatchers started
2020-04-03T15:59:20.9901692-06:00	INFO	[Microsoft.Hosting.Lifetime]	[0]	Application started. Press Ctrl+C to shut down.
2020-04-03T15:59:20.9902829-06:00	INFO	[Microsoft.Hosting.Lifetime]	[0]	Hosting environment: Development
2020-04-03T15:59:20.9903021-06:00	INFO	[Microsoft.Hosting.Lifetime]	[0]	Content root path: C:\Projects\rdt-client\server\RdtClient.Web
2020-04-03T15:59:22.6292638-06:00	INFO	[Hangfire.BackgroundJobServer]	[0]	Starting Hangfire Server using job storage: 'Hangfire.MemoryStorage.MemoryStorage'
2020-04-03T15:59:22.6322230-06:00	INFO	[Hangfire.BackgroundJobServer]	[0]	Using the following options for Hangfire Server:
    Worker count: 20
    Listening queues: 'default'
    Shutdown timeout: 00:00:15
    Schedule polling interval: 00:00:15
2020-04-03T15:59:22.7242705-06:00	INFO	[Hangfire.BackgroundJobServer]	[0]	Starting Hangfire Server using job storage: 'Hangfire.MemoryStorage.MemoryStorage'
2020-04-03T15:59:22.7243034-06:00	INFO	[Hangfire.BackgroundJobServer]	[0]	Using the following options for Hangfire Server:
    Worker count: 20
    Listening queues: 'default'
    Shutdown timeout: 00:00:15
    Schedule polling interval: 00:00:15
2020-04-03T15:59:22.7452766-06:00	INFO	[Hangfire.Server.BackgroundServerProcess]	[0]	Server roger-pc:25392:c48269cc successfully announced in 19.9586 ms
2020-04-03T15:59:22.7452765-06:00	INFO	[Hangfire.Server.BackgroundServerProcess]	[0]	Server roger-pc:25392:15034db2 successfully announced in 101.7602 ms
2020-04-03T15:59:22.7481327-06:00	INFO	[Hangfire.Server.BackgroundServerProcess]	[0]	Server roger-pc:25392:15034db2 is starting the registered dispatchers: ServerWatchdog, ServerJobCancellationWatcher, ExpirationManager, CountersAggregator, Worker, DelayedJobScheduler, RecurringJobScheduler...
2020-04-03T15:59:22.7481351-06:00	INFO	[Hangfire.Server.BackgroundServerProcess]	[0]	Server roger-pc:25392:c48269cc is starting the registered dispatchers: ServerWatchdog, ServerJobCancellationWatcher, ExpirationManager, CountersAggregator, Worker, DelayedJobScheduler, RecurringJobScheduler...
2020-04-03T15:59:22.7533167-06:00	INFO	[Hangfire.Server.BackgroundServerProcess]	[0]	Server roger-pc:25392:15034db2 all the dispatchers started
2020-04-03T15:59:22.7535232-06:00	INFO	[Hangfire.Server.BackgroundServerProcess]	[0]	Server roger-pc:25392:c48269cc all the dispatchers started
2020-04-03T15:59:23.4204963-06:00	INFO	[Microsoft.Hosting.Lifetime]	[0]	Application started. Press Ctrl+C to shut down.
2020-04-03T15:59:23.4206249-06:00	INFO	[Microsoft.Hosting.Lifetime]	[0]	Hosting environment: Development
2020-04-03T15:59:23.4206510-06:00	INFO	[Microsoft.Hosting.Lifetime]	[0]	Content root path: C:\Projects\rdt-client\server\RdtClient.Web
2020-04-03T15:59:30.7772267-06:00	INFO	[Hangfire.Server.BackgroundServerProcess]	[0]	Server roger-pc:25392:c48269cc caught stopping signal...
2020-04-03T15:59:30.7779767-06:00	INFO	[Microsoft.Hosting.Lifetime]	[0]	Application is shutting down...
2020-04-03T15:59:30.7783343-06:00	INFO	[Hangfire.Server.BackgroundServerProcess]	[0]	Server roger-pc:25392:c48269cc caught stopped signal...
2020-04-03T15:59:30.7794920-06:00	INFO	[Hangfire.Server.BackgroundServerProcess]	[0]	Server roger-pc:25392:15034db2 caught stopping signal...
2020-04-03T15:59:30.7796436-06:00	INFO	[Hangfire.Server.BackgroundServerProcess]	[0]	Server roger-pc:25392:15034db2 caught stopped signal...
2020-04-03T15:59:30.7812297-06:00	INFO	[Hangfire.Server.BackgroundServerProcess]	[0]	Server roger-pc:25392:15034db2 All dispatchers stopped
2020-04-03T15:59:30.7812297-06:00	INFO	[Hangfire.Server.BackgroundServerProcess]	[0]	Server roger-pc:25392:c48269cc All dispatchers stopped
2020-04-03T15:59:30.7828238-06:00	INFO	[Hangfire.Server.BackgroundServerProcess]	[0]	Server roger-pc:25392:15034db2 successfully reported itself as stopped in 0.2783 ms
2020-04-03T15:59:30.7828222-06:00	INFO	[Hangfire.Server.BackgroundServerProcess]	[0]	Server roger-pc:25392:c48269cc successfully reported itself as stopped in 0.2778 ms
2020-04-03T15:59:30.7828386-06:00	INFO	[Hangfire.Server.BackgroundServerProcess]	[0]	Server roger-pc:25392:15034db2 has been stopped in total 3.303 ms
2020-04-03T15:59:30.7828431-06:00	INFO	[Hangfire.Server.BackgroundServerProcess]	[0]	Server roger-pc:25392:c48269cc has been stopped in total 5.4344 ms
2020-04-03T15:59:49.2420348-06:00	INFO	[Hangfire.BackgroundJobServer]	[0]	Starting Hangfire Server using job storage: 'Hangfire.MemoryStorage.MemoryStorage'
2020-04-03T15:59:49.2449966-06:00	INFO	[Hangfire.BackgroundJobServer]	[0]	Using the following options for Hangfire Server:
    Worker count: 20
    Listening queues: 'default'
    Shutdown timeout: 00:00:15
    Schedule polling interval: 00:00:15
2020-04-03T15:59:49.7330627-06:00	INFO	[Hangfire.BackgroundJobServer]	[0]	Starting Hangfire Server using job storage: 'Hangfire.MemoryStorage.MemoryStorage'
2020-04-03T15:59:49.7342224-06:00	INFO	[Hangfire.BackgroundJobServer]	[0]	Using the following options for Hangfire Server:
    Worker count: 20
    Listening queues: 'default'
    Shutdown timeout: 00:00:15
    Schedule polling interval: 00:00:15
2020-04-03T15:59:49.7767552-06:00	INFO	[Hangfire.Server.BackgroundServerProcess]	[0]	Server roger-pc:7656:238a3170 successfully announced in 518.619 ms
2020-04-03T15:59:49.7778417-06:00	INFO	[Hangfire.Server.BackgroundServerProcess]	[0]	Server roger-pc:7656:b384ecba successfully announced in 37.4892 ms
2020-04-03T15:59:49.7897107-06:00	INFO	[Hangfire.Server.BackgroundServerProcess]	[0]	Server roger-pc:7656:238a3170 is starting the registered dispatchers: ServerWatchdog, ServerJobCancellationWatcher, ExpirationManager, CountersAggregator, Worker, DelayedJobScheduler, RecurringJobScheduler...
2020-04-03T15:59:49.7907947-06:00	INFO	[Hangfire.Server.BackgroundServerProcess]	[0]	Server roger-pc:7656:b384ecba is starting the registered dispatchers: ServerWatchdog, ServerJobCancellationWatcher, ExpirationManager, CountersAggregator, Worker, DelayedJobScheduler, RecurringJobScheduler...
2020-04-03T15:59:49.9335939-06:00	INFO	[Hangfire.Server.BackgroundServerProcess]	[0]	Server roger-pc:7656:238a3170 all the dispatchers started
2020-04-03T15:59:49.9493934-06:00	INFO	[Hangfire.Server.BackgroundServerProcess]	[0]	Server roger-pc:7656:b384ecba all the dispatchers started
2020-04-03T15:59:50.8034032-06:00	INFO	[Microsoft.Hosting.Lifetime]	[0]	Application started. Press Ctrl+C to shut down.
2020-04-03T15:59:50.8108739-06:00	INFO	[Microsoft.Hosting.Lifetime]	[0]	Hosting environment: Development
2020-04-03T15:59:50.8127580-06:00	INFO	[Microsoft.Hosting.Lifetime]	[0]	Content root path: C:\Projects\rdt-client\server\RdtClient.Web
2020-04-03T16:06:29.6254854-06:00	INFO	[Hangfire.BackgroundJobServer]	[0]	Starting Hangfire Server using job storage: 'Hangfire.MemoryStorage.MemoryStorage'
2020-04-03T16:06:29.6288727-06:00	INFO	[Hangfire.BackgroundJobServer]	[0]	Using the following options for Hangfire Server:
    Worker count: 20
    Listening queues: 'default'
    Shutdown timeout: 00:00:15
    Schedule polling interval: 00:00:15
2020-04-03T16:06:29.7314839-06:00	INFO	[Hangfire.BackgroundJobServer]	[0]	Starting Hangfire Server using job storage: 'Hangfire.MemoryStorage.MemoryStorage'
2020-04-03T16:06:29.7315143-06:00	INFO	[Hangfire.BackgroundJobServer]	[0]	Using the following options for Hangfire Server:
    Worker count: 20
    Listening queues: 'default'
    Shutdown timeout: 00:00:15
    Schedule polling interval: 00:00:15
2020-04-03T16:06:29.7529384-06:00	INFO	[Hangfire.Server.BackgroundServerProcess]	[0]	Server roger-pc:18896:dd12c44a successfully announced in 111.5091 ms
2020-04-03T16:06:29.7529396-06:00	INFO	[Hangfire.Server.BackgroundServerProcess]	[0]	Server roger-pc:18896:15c956d5 successfully announced in 20.4625 ms
2020-04-03T16:06:29.7557415-06:00	INFO	[Hangfire.Server.BackgroundServerProcess]	[0]	Server roger-pc:18896:dd12c44a is starting the registered dispatchers: ServerWatchdog, ServerJobCancellationWatcher, ExpirationManager, CountersAggregator, Worker, DelayedJobScheduler, RecurringJobScheduler...
2020-04-03T16:06:29.7557411-06:00	INFO	[Hangfire.Server.BackgroundServerProcess]	[0]	Server roger-pc:18896:15c956d5 is starting the registered dispatchers: ServerWatchdog, ServerJobCancellationWatcher, ExpirationManager, CountersAggregator, Worker, DelayedJobScheduler, RecurringJobScheduler...
2020-04-03T16:06:29.7606532-06:00	INFO	[Hangfire.Server.BackgroundServerProcess]	[0]	Server roger-pc:18896:15c956d5 all the dispatchers started
2020-04-03T16:06:29.7608761-06:00	INFO	[Hangfire.Server.BackgroundServerProcess]	[0]	Server roger-pc:18896:dd12c44a all the dispatchers started
2020-04-03T16:06:30.9858222-06:00	INFO	[Microsoft.Hosting.Lifetime]	[0]	Application started. Press Ctrl+C to shut down.
2020-04-03T16:06:30.9940710-06:00	INFO	[Microsoft.Hosting.Lifetime]	[0]	Hosting environment: Development
2020-04-03T16:06:30.9966766-06:00	INFO	[Microsoft.Hosting.Lifetime]	[0]	Content root path: C:\Projects\rdt-client\server\RdtClient.Web
2020-04-03T17:20:18.4268508-06:00	INFO	[Hangfire.BackgroundJobServer]	[0]	Starting Hangfire Server using job storage: 'Hangfire.MemoryStorage.MemoryStorage'
2020-04-03T17:20:18.4340796-06:00	INFO	[Hangfire.BackgroundJobServer]	[0]	Using the following options for Hangfire Server:
    Worker count: 20
    Listening queues: 'default'
    Shutdown timeout: 00:00:15
    Schedule polling interval: 00:00:15
2020-04-03T17:20:18.6487165-06:00	INFO	[Hangfire.BackgroundJobServer]	[0]	Starting Hangfire Server using job storage: 'Hangfire.MemoryStorage.MemoryStorage'
2020-04-03T17:20:18.6500981-06:00	INFO	[Hangfire.BackgroundJobServer]	[0]	Using the following options for Hangfire Server:
    Worker count: 20
    Listening queues: 'default'
    Shutdown timeout: 00:00:15
    Schedule polling interval: 00:00:15
2020-04-03T17:20:18.6947841-06:00	INFO	[Hangfire.Server.BackgroundServerProcess]	[0]	Server roger-pc:21168:a6490904 successfully announced in 34.9489 ms
2020-04-03T17:20:18.6960854-06:00	INFO	[Hangfire.Server.BackgroundServerProcess]	[0]	Server roger-pc:21168:b2e9a60c successfully announced in 230.7784 ms
2020-04-03T17:20:18.7105510-06:00	INFO	[Hangfire.Server.BackgroundServerProcess]	[0]	Server roger-pc:21168:a6490904 is starting the registered dispatchers: ServerWatchdog, ServerJobCancellationWatcher, ExpirationManager, CountersAggregator, Worker, DelayedJobScheduler, RecurringJobScheduler...
2020-04-03T17:20:18.7121052-06:00	INFO	[Hangfire.Server.BackgroundServerProcess]	[0]	Server roger-pc:21168:b2e9a60c is starting the registered dispatchers: ServerWatchdog, ServerJobCancellationWatcher, ExpirationManager, CountersAggregator, Worker, DelayedJobScheduler, RecurringJobScheduler...
2020-04-03T17:20:18.8720117-06:00	INFO	[Hangfire.Server.BackgroundServerProcess]	[0]	Server roger-pc:21168:a6490904 all the dispatchers started
2020-04-03T17:20:18.8774595-06:00	INFO	[Hangfire.Server.BackgroundServerProcess]	[0]	Server roger-pc:21168:b2e9a60c all the dispatchers started
2020-04-03T17:20:19.7386911-06:00	INFO	[Microsoft.Hosting.Lifetime]	[0]	Application started. Press Ctrl+C to shut down.
2020-04-03T17:20:19.7416238-06:00	INFO	[Microsoft.Hosting.Lifetime]	[0]	Hosting environment: Development
2020-04-03T17:20:19.7486505-06:00	INFO	[Microsoft.Hosting.Lifetime]	[0]	Content root path: C:\Projects\rdt-client\server\RdtClient.Web
2020-04-03T17:59:08.0700362-06:00	INFO	[Hangfire.BackgroundJobServer]	[0]	Starting Hangfire Server using job storage: 'Hangfire.MemoryStorage.MemoryStorage'
2020-04-03T17:59:08.0750113-06:00	INFO	[Hangfire.BackgroundJobServer]	[0]	Using the following options for Hangfire Server:
    Worker count: 20
    Listening queues: 'default'
    Shutdown timeout: 00:00:15
    Schedule polling interval: 00:00:15
2020-04-03T17:59:08.2398601-06:00	INFO	[Hangfire.BackgroundJobServer]	[0]	Starting Hangfire Server using job storage: 'Hangfire.MemoryStorage.MemoryStorage'
2020-04-03T17:59:08.2411315-06:00	INFO	[Hangfire.BackgroundJobServer]	[0]	Using the following options for Hangfire Server:
    Worker count: 20
    Listening queues: 'default'
    Shutdown timeout: 00:00:15
    Schedule polling interval: 00:00:15
2020-04-03T17:59:08.2913718-06:00	INFO	[Hangfire.Server.BackgroundServerProcess]	[0]	Server roger-pc:10716:5ebe162c successfully announced in 42.0268 ms
2020-04-03T17:59:08.2925085-06:00	INFO	[Hangfire.Server.BackgroundServerProcess]	[0]	Server roger-pc:10716:fb956c19 successfully announced in 197.5027 ms
2020-04-03T17:59:08.3038936-06:00	INFO	[Hangfire.Server.BackgroundServerProcess]	[0]	Server roger-pc:10716:5ebe162c is starting the registered dispatchers: ServerWatchdog, ServerJobCancellationWatcher, ExpirationManager, CountersAggregator, Worker, DelayedJobScheduler, RecurringJobScheduler...
2020-04-03T17:59:08.3049895-06:00	INFO	[Hangfire.Server.BackgroundServerProcess]	[0]	Server roger-pc:10716:fb956c19 is starting the registered dispatchers: ServerWatchdog, ServerJobCancellationWatcher, ExpirationManager, CountersAggregator, Worker, DelayedJobScheduler, RecurringJobScheduler...
2020-04-03T17:59:08.4396784-06:00	INFO	[Hangfire.Server.BackgroundServerProcess]	[0]	Server roger-pc:10716:5ebe162c all the dispatchers started
2020-04-03T17:59:08.4538634-06:00	INFO	[Hangfire.Server.BackgroundServerProcess]	[0]	Server roger-pc:10716:fb956c19 all the dispatchers started
2020-04-03T17:59:09.4423137-06:00	INFO	[Microsoft.Hosting.Lifetime]	[0]	Application started. Press Ctrl+C to shut down.
2020-04-03T17:59:09.4523143-06:00	INFO	[Microsoft.Hosting.Lifetime]	[0]	Hosting environment: Development
2020-04-03T17:59:09.4550262-06:00	INFO	[Microsoft.Hosting.Lifetime]	[0]	Content root path: C:\Projects\rdt-client\server\RdtClient.Web
2020-04-04T13:36:51.3899679-06:00	INFO	[Hangfire.BackgroundJobServer]	[0]	Starting Hangfire Server using job storage: 'Hangfire.MemoryStorage.MemoryStorage'
2020-04-04T13:36:51.3954070-06:00	INFO	[Hangfire.BackgroundJobServer]	[0]	Using the following options for Hangfire Server:
    Worker count: 20
    Listening queues: 'default'
    Shutdown timeout: 00:00:15
    Schedule polling interval: 00:00:15
2020-04-04T13:36:52.2046648-06:00	INFO	[Hangfire.BackgroundJobServer]	[0]	Starting Hangfire Server using job storage: 'Hangfire.MemoryStorage.MemoryStorage'
2020-04-04T13:36:52.2058469-06:00	INFO	[Hangfire.BackgroundJobServer]	[0]	Using the following options for Hangfire Server:
    Worker count: 20
    Listening queues: 'default'
    Shutdown timeout: 00:00:15
    Schedule polling interval: 00:00:15
2020-04-04T13:36:52.2165588-06:00	INFO	[Hangfire.Server.BackgroundServerProcess]	[0]	Server roger-pc:18576:7232176f successfully announced in 5.629 ms
2020-04-04T13:36:52.2175955-06:00	INFO	[Hangfire.Server.BackgroundServerProcess]	[0]	Server roger-pc:18576:0c930dc4 successfully announced in 783.68 ms
2020-04-04T13:36:52.2258088-06:00	INFO	[Hangfire.Server.BackgroundServerProcess]	[0]	Server roger-pc:18576:0c930dc4 is starting the registered dispatchers: ServerWatchdog, ServerJobCancellationWatcher, ExpirationManager, CountersAggregator, Worker, DelayedJobScheduler, RecurringJobScheduler...
2020-04-04T13:36:52.2270592-06:00	INFO	[Hangfire.Server.BackgroundServerProcess]	[0]	Server roger-pc:18576:7232176f is starting the registered dispatchers: ServerWatchdog, ServerJobCancellationWatcher, ExpirationManager, CountersAggregator, Worker, DelayedJobScheduler, RecurringJobScheduler...
2020-04-04T13:36:52.3608248-06:00	INFO	[Hangfire.Server.BackgroundServerProcess]	[0]	Server roger-pc:18576:0c930dc4 all the dispatchers started
2020-04-04T13:36:52.3651180-06:00	INFO	[Hangfire.Server.BackgroundServerProcess]	[0]	Server roger-pc:18576:7232176f all the dispatchers started
2020-04-04T13:36:53.3815332-06:00	INFO	[Microsoft.Hosting.Lifetime]	[0]	Application started. Press Ctrl+C to shut down.
2020-04-04T13:36:53.3835819-06:00	INFO	[Microsoft.Hosting.Lifetime]	[0]	Hosting environment: Development
2020-04-04T13:36:53.3855069-06:00	INFO	[Microsoft.Hosting.Lifetime]	[0]	Content root path: C:\Projects\rdt-client\server\RdtClient.Web
2020-04-04T13:39:17.4290475-06:00	INFO	[Hangfire.BackgroundJobServer]	[0]	Starting Hangfire Server using job storage: 'Hangfire.MemoryStorage.MemoryStorage'
2020-04-04T13:39:17.4351614-06:00	INFO	[Hangfire.BackgroundJobServer]	[0]	Using the following options for Hangfire Server:
    Worker count: 20
    Listening queues: 'default'
    Shutdown timeout: 00:00:15
    Schedule polling interval: 00:00:15
2020-04-04T13:39:17.6188800-06:00	INFO	[Hangfire.BackgroundJobServer]	[0]	Starting Hangfire Server using job storage: 'Hangfire.MemoryStorage.MemoryStorage'
2020-04-04T13:39:17.6200228-06:00	INFO	[Hangfire.BackgroundJobServer]	[0]	Using the following options for Hangfire Server:
    Worker count: 20
    Listening queues: 'default'
    Shutdown timeout: 00:00:15
    Schedule polling interval: 00:00:15
2020-04-04T13:39:17.6633116-06:00	INFO	[Hangfire.Server.BackgroundServerProcess]	[0]	Server roger-pc:12312:46ba0401 successfully announced in 205.437 ms
2020-04-04T13:39:17.6653058-06:00	INFO	[Hangfire.Server.BackgroundServerProcess]	[0]	Server roger-pc:12312:626ef5ce successfully announced in 36.9854 ms
2020-04-04T13:39:17.6810736-06:00	INFO	[Hangfire.Server.BackgroundServerProcess]	[0]	Server roger-pc:12312:46ba0401 is starting the registered dispatchers: ServerWatchdog, ServerJobCancellationWatcher, ExpirationManager, CountersAggregator, Worker, DelayedJobScheduler, RecurringJobScheduler...
2020-04-04T13:39:17.6821454-06:00	INFO	[Hangfire.Server.BackgroundServerProcess]	[0]	Server roger-pc:12312:626ef5ce is starting the registered dispatchers: ServerWatchdog, ServerJobCancellationWatcher, ExpirationManager, CountersAggregator, Worker, DelayedJobScheduler, RecurringJobScheduler...
2020-04-04T13:39:17.8313892-06:00	INFO	[Hangfire.Server.BackgroundServerProcess]	[0]	Server roger-pc:12312:626ef5ce all the dispatchers started
2020-04-04T13:39:17.8518228-06:00	INFO	[Hangfire.Server.BackgroundServerProcess]	[0]	Server roger-pc:12312:46ba0401 all the dispatchers started
2020-04-04T13:39:18.6777049-06:00	INFO	[Microsoft.Hosting.Lifetime]	[0]	Application started. Press Ctrl+C to shut down.
2020-04-04T13:39:18.6853112-06:00	INFO	[Microsoft.Hosting.Lifetime]	[0]	Hosting environment: Development
2020-04-04T13:39:18.6872717-06:00	INFO	[Microsoft.Hosting.Lifetime]	[0]	Content root path: C:\Projects\rdt-client\server\RdtClient.Web
2020-04-04T13:45:52.2178972-06:00	INFO	[Hangfire.BackgroundJobServer]	[0]	Starting Hangfire Server using job storage: 'Hangfire.MemoryStorage.MemoryStorage'
2020-04-04T13:45:52.2209059-06:00	INFO	[Hangfire.BackgroundJobServer]	[0]	Using the following options for Hangfire Server:
    Worker count: 20
    Listening queues: 'default'
    Shutdown timeout: 00:00:15
    Schedule polling interval: 00:00:15
2020-04-04T13:45:52.7257245-06:00	INFO	[Hangfire.BackgroundJobServer]	[0]	Starting Hangfire Server using job storage: 'Hangfire.MemoryStorage.MemoryStorage'
2020-04-04T13:45:52.7268420-06:00	INFO	[Hangfire.BackgroundJobServer]	[0]	Using the following options for Hangfire Server:
    Worker count: 20
    Listening queues: 'default'
    Shutdown timeout: 00:00:15
    Schedule polling interval: 00:00:15
2020-04-04T13:45:52.7605590-06:00	INFO	[Hangfire.Server.BackgroundServerProcess]	[0]	Server roger-pc:25428:371ab538 successfully announced in 29.31 ms
2020-04-04T13:45:52.7616163-06:00	INFO	[Hangfire.Server.BackgroundServerProcess]	[0]	Server roger-pc:25428:beb90aed successfully announced in 527.3207 ms
2020-04-04T13:45:52.7947890-06:00	INFO	[Hangfire.Server.BackgroundServerProcess]	[0]	Server roger-pc:25428:371ab538 is starting the registered dispatchers: ServerWatchdog, ServerJobCancellationWatcher, ExpirationManager, CountersAggregator, Worker, DelayedJobScheduler, RecurringJobScheduler...
2020-04-04T13:45:52.7958992-06:00	INFO	[Hangfire.Server.BackgroundServerProcess]	[0]	Server roger-pc:25428:beb90aed is starting the registered dispatchers: ServerWatchdog, ServerJobCancellationWatcher, ExpirationManager, CountersAggregator, Worker, DelayedJobScheduler, RecurringJobScheduler...
2020-04-04T13:45:52.9335865-06:00	INFO	[Hangfire.Server.BackgroundServerProcess]	[0]	Server roger-pc:25428:beb90aed all the dispatchers started
2020-04-04T13:45:52.9433737-06:00	INFO	[Hangfire.Server.BackgroundServerProcess]	[0]	Server roger-pc:25428:371ab538 all the dispatchers started
2020-04-04T13:45:53.7610065-06:00	INFO	[Microsoft.Hosting.Lifetime]	[0]	Application started. Press Ctrl+C to shut down.
2020-04-04T13:45:53.7667118-06:00	INFO	[Microsoft.Hosting.Lifetime]	[0]	Hosting environment: Development
2020-04-04T13:45:53.7686187-06:00	INFO	[Microsoft.Hosting.Lifetime]	[0]	Content root path: C:\Projects\rdt-client\server\RdtClient.Web
2020-04-04T14:06:51.9875312-06:00	INFO	[Hangfire.BackgroundJobServer]	[0]	Starting Hangfire Server using job storage: 'Hangfire.MemoryStorage.MemoryStorage'
2020-04-04T14:06:51.9910970-06:00	INFO	[Hangfire.BackgroundJobServer]	[0]	Using the following options for Hangfire Server:
    Worker count: 20
    Listening queues: 'default'
    Shutdown timeout: 00:00:15
    Schedule polling interval: 00:00:15
2020-04-04T14:06:52.4849160-06:00	INFO	[Hangfire.BackgroundJobServer]	[0]	Starting Hangfire Server using job storage: 'Hangfire.MemoryStorage.MemoryStorage'
2020-04-04T14:06:52.4860716-06:00	INFO	[Hangfire.BackgroundJobServer]	[0]	Using the following options for Hangfire Server:
    Worker count: 20
    Listening queues: 'default'
    Shutdown timeout: 00:00:15
    Schedule polling interval: 00:00:15
2020-04-04T14:06:52.5226185-06:00	INFO	[Hangfire.Server.BackgroundServerProcess]	[0]	Server roger-pc:4496:e9cb1104 successfully announced in 517.9776 ms
2020-04-04T14:06:52.5276877-06:00	INFO	[Hangfire.Server.BackgroundServerProcess]	[0]	Server roger-pc:4496:2aa9fc9e successfully announced in 32.1255 ms
2020-04-04T14:06:52.5356524-06:00	INFO	[Hangfire.Server.BackgroundServerProcess]	[0]	Server roger-pc:4496:2aa9fc9e is starting the registered dispatchers: ServerWatchdog, ServerJobCancellationWatcher, ExpirationManager, CountersAggregator, Worker, DelayedJobScheduler, RecurringJobScheduler...
2020-04-04T14:06:52.5368007-06:00	INFO	[Hangfire.Server.BackgroundServerProcess]	[0]	Server roger-pc:4496:e9cb1104 is starting the registered dispatchers: ServerWatchdog, ServerJobCancellationWatcher, ExpirationManager, CountersAggregator, Worker, DelayedJobScheduler, RecurringJobScheduler...
2020-04-04T14:06:52.6798034-06:00	INFO	[Hangfire.Server.BackgroundServerProcess]	[0]	Server roger-pc:4496:e9cb1104 all the dispatchers started
2020-04-04T14:06:52.6843382-06:00	INFO	[Hangfire.Server.BackgroundServerProcess]	[0]	Server roger-pc:4496:2aa9fc9e all the dispatchers started
2020-04-04T14:06:53.5337779-06:00	INFO	[Microsoft.Hosting.Lifetime]	[0]	Application started. Press Ctrl+C to shut down.
2020-04-04T14:06:53.5419397-06:00	INFO	[Microsoft.Hosting.Lifetime]	[0]	Hosting environment: Development
2020-04-04T14:06:53.5438903-06:00	INFO	[Microsoft.Hosting.Lifetime]	[0]	Content root path: C:\Projects\rdt-client\server\RdtClient.Web
2020-04-04T14:09:28.6901247-06:00	INFO	[Hangfire.BackgroundJobServer]	[0]	Starting Hangfire Server using job storage: 'Hangfire.MemoryStorage.MemoryStorage'
2020-04-04T14:09:28.6934944-06:00	INFO	[Hangfire.BackgroundJobServer]	[0]	Using the following options for Hangfire Server:
    Worker count: 20
    Listening queues: 'default'
    Shutdown timeout: 00:00:15
    Schedule polling interval: 00:00:15
2020-04-04T14:09:28.8003885-06:00	INFO	[Hangfire.BackgroundJobServer]	[0]	Starting Hangfire Server using job storage: 'Hangfire.MemoryStorage.MemoryStorage'
2020-04-04T14:09:28.8004416-06:00	INFO	[Hangfire.BackgroundJobServer]	[0]	Using the following options for Hangfire Server:
    Worker count: 20
    Listening queues: 'default'
    Shutdown timeout: 00:00:15
    Schedule polling interval: 00:00:15
2020-04-04T14:09:28.8235716-06:00	INFO	[Hangfire.Server.BackgroundServerProcess]	[0]	Server roger-pc:11712:2f63d054 successfully announced in 22.2108 ms
2020-04-04T14:09:28.8235763-06:00	INFO	[Hangfire.Server.BackgroundServerProcess]	[0]	Server roger-pc:11712:6de68e38 successfully announced in 117.3382 ms
2020-04-04T14:09:28.8266785-06:00	INFO	[Hangfire.Server.BackgroundServerProcess]	[0]	Server roger-pc:11712:6de68e38 is starting the registered dispatchers: ServerWatchdog, ServerJobCancellationWatcher, ExpirationManager, CountersAggregator, Worker, DelayedJobScheduler, RecurringJobScheduler...
2020-04-04T14:09:28.8266804-06:00	INFO	[Hangfire.Server.BackgroundServerProcess]	[0]	Server roger-pc:11712:2f63d054 is starting the registered dispatchers: ServerWatchdog, ServerJobCancellationWatcher, ExpirationManager, CountersAggregator, Worker, DelayedJobScheduler, RecurringJobScheduler...
2020-04-04T14:09:28.8331305-06:00	INFO	[Hangfire.Server.BackgroundServerProcess]	[0]	Server roger-pc:11712:6de68e38 all the dispatchers started
2020-04-04T14:09:28.8332117-06:00	INFO	[Hangfire.Server.BackgroundServerProcess]	[0]	Server roger-pc:11712:2f63d054 all the dispatchers started
2020-04-04T14:09:30.0597550-06:00	INFO	[Microsoft.Hosting.Lifetime]	[0]	Application started. Press Ctrl+C to shut down.
2020-04-04T14:09:30.0661109-06:00	INFO	[Microsoft.Hosting.Lifetime]	[0]	Hosting environment: Development
2020-04-04T14:09:30.0679982-06:00	INFO	[Microsoft.Hosting.Lifetime]	[0]	Content root path: C:\Projects\rdt-client\server\RdtClient.Web
2020-04-04T14:10:30.2700465-06:00	FAIL	[Microsoft.AspNetCore.Server.IIS.Core.IISHttpServer]	[ApplicationError]	Connection ID "18158513750708060161", Request ID "80000002-000c-fc00-b63f-84710c7967bb": An unhandled exception was thrown by the application.System.Text.Json.JsonException: A possible object cycle was detected which is not supported. This can either be due to a cycle or if the object depth is larger than the maximum allowed depth of 32.
   at System.Text.Json.ThrowHelper.ThrowInvalidOperationException_SerializerCycleDetected(Int32 maxDepth)
   at System.Text.Json.JsonSerializer.Write(Utf8JsonWriter writer, Int32 originalWriterDepth, Int32 flushThreshold, JsonSerializerOptions options, WriteStack& state)
   at System.Text.Json.JsonSerializer.WriteAsyncCore(Stream utf8Json, Object value, Type inputType, JsonSerializerOptions options, CancellationToken cancellationToken)
   at Microsoft.AspNetCore.Mvc.Formatters.SystemTextJsonOutputFormatter.WriteResponseBodyAsync(OutputFormatterWriteContext context, Encoding selectedEncoding)
   at Microsoft.AspNetCore.Mvc.Formatters.SystemTextJsonOutputFormatter.WriteResponseBodyAsync(OutputFormatterWriteContext context, Encoding selectedEncoding)
   at Microsoft.AspNetCore.Mvc.Infrastructure.ResourceInvoker.<InvokeResultFilters>g__Awaited|27_0(ResourceInvoker invoker, Task lastTask, State next, Scope scope, Object state, Boolean isCompleted)
   at Microsoft.AspNetCore.Mvc.Infrastructure.ResourceInvoker.<InvokeFilterPipelineAsync>g__Awaited|19_0(ResourceInvoker invoker, Task lastTask, State next, Scope scope, Object state, Boolean isCompleted)
   at Microsoft.AspNetCore.Mvc.Infrastructure.ResourceInvoker.<InvokeAsync>g__Awaited|17_0(ResourceInvoker invoker, Task task, IDisposable scope)
   at Microsoft.AspNetCore.Routing.EndpointMiddleware.<Invoke>g__AwaitRequestTask|6_0(Endpoint endpoint, Task requestTask, ILogger logger)
   at Microsoft.AspNetCore.Authorization.AuthorizationMiddleware.Invoke(HttpContext context)
   at Microsoft.AspNetCore.Server.IIS.Core.IISHttpContextOfT`1.ProcessRequestAsync()

2020-04-04T14:11:12.4711056-06:00	INFO	[Hangfire.BackgroundJobServer]	[0]	Starting Hangfire Server using job storage: 'Hangfire.MemoryStorage.MemoryStorage'
2020-04-04T14:11:12.4740177-06:00	INFO	[Hangfire.BackgroundJobServer]	[0]	Using the following options for Hangfire Server:
    Worker count: 20
    Listening queues: 'default'
    Shutdown timeout: 00:00:15
    Schedule polling interval: 00:00:15
2020-04-04T14:11:12.5685353-06:00	INFO	[Hangfire.BackgroundJobServer]	[0]	Starting Hangfire Server using job storage: 'Hangfire.MemoryStorage.MemoryStorage'
2020-04-04T14:11:12.5685678-06:00	INFO	[Hangfire.BackgroundJobServer]	[0]	Using the following options for Hangfire Server:
    Worker count: 20
    Listening queues: 'default'
    Shutdown timeout: 00:00:15
    Schedule polling interval: 00:00:15
2020-04-04T14:11:12.5896902-06:00	INFO	[Hangfire.Server.BackgroundServerProcess]	[0]	Server roger-pc:11556:f733969e successfully announced in 104.0185 ms
2020-04-04T14:11:12.5896902-06:00	INFO	[Hangfire.Server.BackgroundServerProcess]	[0]	Server roger-pc:11556:85c7f28f successfully announced in 20.4301 ms
2020-04-04T14:11:12.5927719-06:00	INFO	[Hangfire.Server.BackgroundServerProcess]	[0]	Server roger-pc:11556:85c7f28f is starting the registered dispatchers: ServerWatchdog, ServerJobCancellationWatcher, ExpirationManager, CountersAggregator, Worker, DelayedJobScheduler, RecurringJobScheduler...
2020-04-04T14:11:12.5927773-06:00	INFO	[Hangfire.Server.BackgroundServerProcess]	[0]	Server roger-pc:11556:f733969e is starting the registered dispatchers: ServerWatchdog, ServerJobCancellationWatcher, ExpirationManager, CountersAggregator, Worker, DelayedJobScheduler, RecurringJobScheduler...
2020-04-04T14:11:12.5982186-06:00	INFO	[Hangfire.Server.BackgroundServerProcess]	[0]	Server roger-pc:11556:85c7f28f all the dispatchers started
2020-04-04T14:11:12.5982679-06:00	INFO	[Hangfire.Server.BackgroundServerProcess]	[0]	Server roger-pc:11556:f733969e all the dispatchers started
2020-04-04T14:11:13.8266479-06:00	INFO	[Microsoft.Hosting.Lifetime]	[0]	Application started. Press Ctrl+C to shut down.
2020-04-04T14:11:13.8300908-06:00	INFO	[Microsoft.Hosting.Lifetime]	[0]	Hosting environment: Development
2020-04-04T14:11:13.8397525-06:00	INFO	[Microsoft.Hosting.Lifetime]	[0]	Content root path: C:\Projects\rdt-client\server\RdtClient.Web
2020-04-04T14:23:21.7687075-06:00	INFO	[Hangfire.BackgroundJobServer]	[0]	Starting Hangfire Server using job storage: 'Hangfire.MemoryStorage.MemoryStorage'
2020-04-04T14:23:21.7715620-06:00	INFO	[Hangfire.BackgroundJobServer]	[0]	Using the following options for Hangfire Server:
    Worker count: 20
    Listening queues: 'default'
    Shutdown timeout: 00:00:15
    Schedule polling interval: 00:00:15
2020-04-04T14:23:21.8650133-06:00	INFO	[Hangfire.BackgroundJobServer]	[0]	Starting Hangfire Server using job storage: 'Hangfire.MemoryStorage.MemoryStorage'
2020-04-04T14:23:21.8650397-06:00	INFO	[Hangfire.BackgroundJobServer]	[0]	Using the following options for Hangfire Server:
    Worker count: 20
    Listening queues: 'default'
    Shutdown timeout: 00:00:15
    Schedule polling interval: 00:00:15
2020-04-04T14:23:21.8862045-06:00	INFO	[Hangfire.Server.BackgroundServerProcess]	[0]	Server roger-pc:13516:63077182 successfully announced in 103.9192 ms
2020-04-04T14:23:21.8862045-06:00	INFO	[Hangfire.Server.BackgroundServerProcess]	[0]	Server roger-pc:13516:8f1cdbd3 successfully announced in 19.9902 ms
2020-04-04T14:23:21.8889891-06:00	INFO	[Hangfire.Server.BackgroundServerProcess]	[0]	Server roger-pc:13516:63077182 is starting the registered dispatchers: ServerWatchdog, ServerJobCancellationWatcher, ExpirationManager, CountersAggregator, Worker, DelayedJobScheduler, RecurringJobScheduler...
2020-04-04T14:23:21.8889884-06:00	INFO	[Hangfire.Server.BackgroundServerProcess]	[0]	Server roger-pc:13516:8f1cdbd3 is starting the registered dispatchers: ServerWatchdog, ServerJobCancellationWatcher, ExpirationManager, CountersAggregator, Worker, DelayedJobScheduler, RecurringJobScheduler...
2020-04-04T14:23:21.8939088-06:00	INFO	[Hangfire.Server.BackgroundServerProcess]	[0]	Server roger-pc:13516:63077182 all the dispatchers started
2020-04-04T14:23:21.8939936-06:00	INFO	[Hangfire.Server.BackgroundServerProcess]	[0]	Server roger-pc:13516:8f1cdbd3 all the dispatchers started
2020-04-04T14:23:23.0689646-06:00	INFO	[Microsoft.Hosting.Lifetime]	[0]	Application started. Press Ctrl+C to shut down.
2020-04-04T14:23:23.0709673-06:00	INFO	[Microsoft.Hosting.Lifetime]	[0]	Hosting environment: Development
2020-04-04T14:23:23.0779228-06:00	INFO	[Microsoft.Hosting.Lifetime]	[0]	Content root path: C:\Projects\rdt-client\server\RdtClient.Web
2020-04-04T14:24:37.9847342-06:00	INFO	[Hangfire.BackgroundJobServer]	[0]	Starting Hangfire Server using job storage: 'Hangfire.MemoryStorage.MemoryStorage'
2020-04-04T14:24:37.9882985-06:00	INFO	[Hangfire.BackgroundJobServer]	[0]	Using the following options for Hangfire Server:
    Worker count: 20
    Listening queues: 'default'
    Shutdown timeout: 00:00:15
    Schedule polling interval: 00:00:15
2020-04-04T14:24:38.0825819-06:00	INFO	[Hangfire.BackgroundJobServer]	[0]	Starting Hangfire Server using job storage: 'Hangfire.MemoryStorage.MemoryStorage'
2020-04-04T14:24:38.0826064-06:00	INFO	[Hangfire.BackgroundJobServer]	[0]	Using the following options for Hangfire Server:
    Worker count: 20
    Listening queues: 'default'
    Shutdown timeout: 00:00:15
    Schedule polling interval: 00:00:15
2020-04-04T14:24:38.1036306-06:00	INFO	[Hangfire.Server.BackgroundServerProcess]	[0]	Server roger-pc:22580:c1366df7 successfully announced in 103.9479 ms
2020-04-04T14:24:38.1036305-06:00	INFO	[Hangfire.Server.BackgroundServerProcess]	[0]	Server roger-pc:22580:e3e831b7 successfully announced in 20.0026 ms
2020-04-04T14:24:38.1065641-06:00	INFO	[Hangfire.Server.BackgroundServerProcess]	[0]	Server roger-pc:22580:c1366df7 is starting the registered dispatchers: ServerWatchdog, ServerJobCancellationWatcher, ExpirationManager, CountersAggregator, Worker, DelayedJobScheduler, RecurringJobScheduler...
2020-04-04T14:24:38.1065662-06:00	INFO	[Hangfire.Server.BackgroundServerProcess]	[0]	Server roger-pc:22580:e3e831b7 is starting the registered dispatchers: ServerWatchdog, ServerJobCancellationWatcher, ExpirationManager, CountersAggregator, Worker, DelayedJobScheduler, RecurringJobScheduler...
2020-04-04T14:24:38.1114065-06:00	INFO	[Hangfire.Server.BackgroundServerProcess]	[0]	Server roger-pc:22580:e3e831b7 all the dispatchers started
2020-04-04T14:24:38.1114793-06:00	INFO	[Hangfire.Server.BackgroundServerProcess]	[0]	Server roger-pc:22580:c1366df7 all the dispatchers started
2020-04-04T14:24:39.2282210-06:00	INFO	[Microsoft.Hosting.Lifetime]	[0]	Application started. Press Ctrl+C to shut down.
2020-04-04T14:24:39.2423550-06:00	INFO	[Microsoft.Hosting.Lifetime]	[0]	Hosting environment: Development
2020-04-04T14:24:39.2447909-06:00	INFO	[Microsoft.Hosting.Lifetime]	[0]	Content root path: C:\Projects\rdt-client\server\RdtClient.Web
2020-04-04T14:28:26.3492596-06:00	INFO	[Hangfire.BackgroundJobServer]	[0]	Starting Hangfire Server using job storage: 'Hangfire.MemoryStorage.MemoryStorage'
2020-04-04T14:28:26.3544781-06:00	INFO	[Hangfire.BackgroundJobServer]	[0]	Using the following options for Hangfire Server:
    Worker count: 20
    Listening queues: 'default'
    Shutdown timeout: 00:00:15
    Schedule polling interval: 00:00:15
2020-04-04T14:28:26.5174135-06:00	INFO	[Hangfire.BackgroundJobServer]	[0]	Starting Hangfire Server using job storage: 'Hangfire.MemoryStorage.MemoryStorage'
2020-04-04T14:28:26.5187379-06:00	INFO	[Hangfire.BackgroundJobServer]	[0]	Using the following options for Hangfire Server:
    Worker count: 20
    Listening queues: 'default'
    Shutdown timeout: 00:00:15
    Schedule polling interval: 00:00:15
2020-04-04T14:28:26.5578223-06:00	INFO	[Hangfire.Server.BackgroundServerProcess]	[0]	Server roger-pc:20488:c6bc92b2 successfully announced in 182.3826 ms
2020-04-04T14:28:26.5588998-06:00	INFO	[Hangfire.Server.BackgroundServerProcess]	[0]	Server roger-pc:20488:20d17df5 successfully announced in 34.3576 ms
2020-04-04T14:28:26.5704666-06:00	INFO	[Hangfire.Server.BackgroundServerProcess]	[0]	Server roger-pc:20488:c6bc92b2 is starting the registered dispatchers: ServerWatchdog, ServerJobCancellationWatcher, ExpirationManager, CountersAggregator, Worker, DelayedJobScheduler, RecurringJobScheduler...
2020-04-04T14:28:26.5716322-06:00	INFO	[Hangfire.Server.BackgroundServerProcess]	[0]	Server roger-pc:20488:20d17df5 is starting the registered dispatchers: ServerWatchdog, ServerJobCancellationWatcher, ExpirationManager, CountersAggregator, Worker, DelayedJobScheduler, RecurringJobScheduler...
2020-04-04T14:28:26.7149113-06:00	INFO	[Hangfire.Server.BackgroundServerProcess]	[0]	Server roger-pc:20488:20d17df5 all the dispatchers started
2020-04-04T14:28:26.7226988-06:00	INFO	[Hangfire.Server.BackgroundServerProcess]	[0]	Server roger-pc:20488:c6bc92b2 all the dispatchers started
2020-04-04T14:28:27.5476942-06:00	INFO	[Microsoft.Hosting.Lifetime]	[0]	Application started. Press Ctrl+C to shut down.
2020-04-04T14:28:27.5548312-06:00	INFO	[Microsoft.Hosting.Lifetime]	[0]	Hosting environment: Development
2020-04-04T14:28:27.5565374-06:00	INFO	[Microsoft.Hosting.Lifetime]	[0]	Content root path: C:\Projects\rdt-client\server\RdtClient.Web
2020-04-04T14:29:22.4970867-06:00	INFO	[Hangfire.BackgroundJobServer]	[0]	Starting Hangfire Server using job storage: 'Hangfire.MemoryStorage.MemoryStorage'
2020-04-04T14:29:22.5000868-06:00	INFO	[Hangfire.BackgroundJobServer]	[0]	Using the following options for Hangfire Server:
    Worker count: 20
    Listening queues: 'default'
    Shutdown timeout: 00:00:15
    Schedule polling interval: 00:00:15
2020-04-04T14:29:22.5972226-06:00	INFO	[Hangfire.BackgroundJobServer]	[0]	Starting Hangfire Server using job storage: 'Hangfire.MemoryStorage.MemoryStorage'
2020-04-04T14:29:22.5972498-06:00	INFO	[Hangfire.BackgroundJobServer]	[0]	Using the following options for Hangfire Server:
    Worker count: 20
    Listening queues: 'default'
    Shutdown timeout: 00:00:15
    Schedule polling interval: 00:00:15
2020-04-04T14:29:22.6185406-06:00	INFO	[Hangfire.Server.BackgroundServerProcess]	[0]	Server roger-pc:8704:7f562bd0 successfully announced in 20.3044 ms
2020-04-04T14:29:22.6185503-06:00	INFO	[Hangfire.Server.BackgroundServerProcess]	[0]	Server roger-pc:8704:25c03ed6 successfully announced in 107.2263 ms
2020-04-04T14:29:22.6212883-06:00	INFO	[Hangfire.Server.BackgroundServerProcess]	[0]	Server roger-pc:8704:25c03ed6 is starting the registered dispatchers: ServerWatchdog, ServerJobCancellationWatcher, ExpirationManager, CountersAggregator, Worker, DelayedJobScheduler, RecurringJobScheduler...
2020-04-04T14:29:22.6212868-06:00	INFO	[Hangfire.Server.BackgroundServerProcess]	[0]	Server roger-pc:8704:7f562bd0 is starting the registered dispatchers: ServerWatchdog, ServerJobCancellationWatcher, ExpirationManager, CountersAggregator, Worker, DelayedJobScheduler, RecurringJobScheduler...
2020-04-04T14:29:22.6272480-06:00	INFO	[Hangfire.Server.BackgroundServerProcess]	[0]	Server roger-pc:8704:25c03ed6 all the dispatchers started
2020-04-04T14:29:22.6275399-06:00	INFO	[Hangfire.Server.BackgroundServerProcess]	[0]	Server roger-pc:8704:7f562bd0 all the dispatchers started
2020-04-04T14:29:23.8020576-06:00	INFO	[Microsoft.Hosting.Lifetime]	[0]	Application started. Press Ctrl+C to shut down.
2020-04-04T14:29:23.8092332-06:00	INFO	[Microsoft.Hosting.Lifetime]	[0]	Hosting environment: Development
2020-04-04T14:29:23.8114626-06:00	INFO	[Microsoft.Hosting.Lifetime]	[0]	Content root path: C:\Projects\rdt-client\server\RdtClient.Web
2020-04-04T14:33:29.3029557-06:00	INFO	[Hangfire.BackgroundJobServer]	[0]	Starting Hangfire Server using job storage: 'Hangfire.MemoryStorage.MemoryStorage'
2020-04-04T14:33:29.3060421-06:00	INFO	[Hangfire.BackgroundJobServer]	[0]	Using the following options for Hangfire Server:
    Worker count: 20
    Listening queues: 'default'
    Shutdown timeout: 00:00:15
    Schedule polling interval: 00:00:15
2020-04-04T14:33:29.3995563-06:00	INFO	[Hangfire.BackgroundJobServer]	[0]	Starting Hangfire Server using job storage: 'Hangfire.MemoryStorage.MemoryStorage'
2020-04-04T14:33:29.3996017-06:00	INFO	[Hangfire.BackgroundJobServer]	[0]	Using the following options for Hangfire Server:
    Worker count: 20
    Listening queues: 'default'
    Shutdown timeout: 00:00:15
    Schedule polling interval: 00:00:15
2020-04-04T14:33:29.4210320-06:00	INFO	[Hangfire.Server.BackgroundServerProcess]	[0]	Server roger-pc:11468:78e298c5 successfully announced in 103.7016 ms
2020-04-04T14:33:29.4210325-06:00	INFO	[Hangfire.Server.BackgroundServerProcess]	[0]	Server roger-pc:11468:79ee0690 successfully announced in 20.3431 ms
2020-04-04T14:33:29.4238373-06:00	INFO	[Hangfire.Server.BackgroundServerProcess]	[0]	Server roger-pc:11468:78e298c5 is starting the registered dispatchers: ServerWatchdog, ServerJobCancellationWatcher, ExpirationManager, CountersAggregator, Worker, DelayedJobScheduler, RecurringJobScheduler...
2020-04-04T14:33:29.4238390-06:00	INFO	[Hangfire.Server.BackgroundServerProcess]	[0]	Server roger-pc:11468:79ee0690 is starting the registered dispatchers: ServerWatchdog, ServerJobCancellationWatcher, ExpirationManager, CountersAggregator, Worker, DelayedJobScheduler, RecurringJobScheduler...
2020-04-04T14:33:29.4293346-06:00	INFO	[Hangfire.Server.BackgroundServerProcess]	[0]	Server roger-pc:11468:78e298c5 all the dispatchers started
2020-04-04T14:33:29.4294031-06:00	INFO	[Hangfire.Server.BackgroundServerProcess]	[0]	Server roger-pc:11468:79ee0690 all the dispatchers started
2020-04-04T14:33:30.5171651-06:00	INFO	[Microsoft.Hosting.Lifetime]	[0]	Application started. Press Ctrl+C to shut down.
2020-04-04T14:33:30.5207118-06:00	INFO	[Microsoft.Hosting.Lifetime]	[0]	Hosting environment: Development
2020-04-04T14:33:30.5262510-06:00	INFO	[Microsoft.Hosting.Lifetime]	[0]	Content root path: C:\Projects\rdt-client\server\RdtClient.Web
2020-04-04T14:35:26.4931298-06:00	INFO	[Hangfire.BackgroundJobServer]	[0]	Starting Hangfire Server using job storage: 'Hangfire.MemoryStorage.MemoryStorage'
2020-04-04T14:35:26.4960740-06:00	INFO	[Hangfire.BackgroundJobServer]	[0]	Using the following options for Hangfire Server:
    Worker count: 20
    Listening queues: 'default'
    Shutdown timeout: 00:00:15
    Schedule polling interval: 00:00:15
2020-04-04T14:35:26.5902385-06:00	INFO	[Hangfire.BackgroundJobServer]	[0]	Starting Hangfire Server using job storage: 'Hangfire.MemoryStorage.MemoryStorage'
2020-04-04T14:35:26.5902725-06:00	INFO	[Hangfire.BackgroundJobServer]	[0]	Using the following options for Hangfire Server:
    Worker count: 20
    Listening queues: 'default'
    Shutdown timeout: 00:00:15
    Schedule polling interval: 00:00:15
2020-04-04T14:35:26.6112554-06:00	INFO	[Hangfire.Server.BackgroundServerProcess]	[0]	Server roger-pc:9364:548bcc22 successfully announced in 20.0425 ms
2020-04-04T14:35:26.6112554-06:00	INFO	[Hangfire.Server.BackgroundServerProcess]	[0]	Server roger-pc:9364:a39fa135 successfully announced in 104.5842 ms
2020-04-04T14:35:26.6138703-06:00	INFO	[Hangfire.Server.BackgroundServerProcess]	[0]	Server roger-pc:9364:548bcc22 is starting the registered dispatchers: ServerWatchdog, ServerJobCancellationWatcher, ExpirationManager, CountersAggregator, Worker, DelayedJobScheduler, RecurringJobScheduler...
2020-04-04T14:35:26.6138680-06:00	INFO	[Hangfire.Server.BackgroundServerProcess]	[0]	Server roger-pc:9364:a39fa135 is starting the registered dispatchers: ServerWatchdog, ServerJobCancellationWatcher, ExpirationManager, CountersAggregator, Worker, DelayedJobScheduler, RecurringJobScheduler...
2020-04-04T14:35:26.6186498-06:00	INFO	[Hangfire.Server.BackgroundServerProcess]	[0]	Server roger-pc:9364:a39fa135 all the dispatchers started
2020-04-04T14:35:26.6187979-06:00	INFO	[Hangfire.Server.BackgroundServerProcess]	[0]	Server roger-pc:9364:548bcc22 all the dispatchers started
2020-04-04T14:35:27.7550471-06:00	INFO	[Microsoft.Hosting.Lifetime]	[0]	Application started. Press Ctrl+C to shut down.
2020-04-04T14:35:27.7577200-06:00	INFO	[Microsoft.Hosting.Lifetime]	[0]	Hosting environment: Development
2020-04-04T14:35:27.7656669-06:00	INFO	[Microsoft.Hosting.Lifetime]	[0]	Content root path: C:\Projects\rdt-client\server\RdtClient.Web
2020-04-04T14:36:13.4963403-06:00	INFO	[Hangfire.BackgroundJobServer]	[0]	Starting Hangfire Server using job storage: 'Hangfire.MemoryStorage.MemoryStorage'
2020-04-04T14:36:13.4995347-06:00	INFO	[Hangfire.BackgroundJobServer]	[0]	Using the following options for Hangfire Server:
    Worker count: 20
    Listening queues: 'default'
    Shutdown timeout: 00:00:15
    Schedule polling interval: 00:00:15
2020-04-04T14:36:13.5937296-06:00	INFO	[Hangfire.BackgroundJobServer]	[0]	Starting Hangfire Server using job storage: 'Hangfire.MemoryStorage.MemoryStorage'
2020-04-04T14:36:13.5937661-06:00	INFO	[Hangfire.BackgroundJobServer]	[0]	Using the following options for Hangfire Server:
    Worker count: 20
    Listening queues: 'default'
    Shutdown timeout: 00:00:15
    Schedule polling interval: 00:00:15
2020-04-04T14:36:13.6136017-06:00	INFO	[Hangfire.Server.BackgroundServerProcess]	[0]	Server roger-pc:24484:d3f096b7 successfully announced in 102.8649 ms
2020-04-04T14:36:13.6136017-06:00	INFO	[Hangfire.Server.BackgroundServerProcess]	[0]	Server roger-pc:24484:0486235c successfully announced in 18.8774 ms
2020-04-04T14:36:13.6161824-06:00	INFO	[Hangfire.Server.BackgroundServerProcess]	[0]	Server roger-pc:24484:0486235c is starting the registered dispatchers: ServerWatchdog, ServerJobCancellationWatcher, ExpirationManager, CountersAggregator, Worker, DelayedJobScheduler, RecurringJobScheduler...
2020-04-04T14:36:13.6161810-06:00	INFO	[Hangfire.Server.BackgroundServerProcess]	[0]	Server roger-pc:24484:d3f096b7 is starting the registered dispatchers: ServerWatchdog, ServerJobCancellationWatcher, ExpirationManager, CountersAggregator, Worker, DelayedJobScheduler, RecurringJobScheduler...
2020-04-04T14:36:13.6211768-06:00	INFO	[Hangfire.Server.BackgroundServerProcess]	[0]	Server roger-pc:24484:0486235c all the dispatchers started
2020-04-04T14:36:13.6212520-06:00	INFO	[Hangfire.Server.BackgroundServerProcess]	[0]	Server roger-pc:24484:d3f096b7 all the dispatchers started
2020-04-04T14:36:14.7116432-06:00	INFO	[Microsoft.Hosting.Lifetime]	[0]	Application started. Press Ctrl+C to shut down.
2020-04-04T14:36:14.7193962-06:00	INFO	[Microsoft.Hosting.Lifetime]	[0]	Hosting environment: Development
2020-04-04T14:36:14.7217224-06:00	INFO	[Microsoft.Hosting.Lifetime]	[0]	Content root path: C:\Projects\rdt-client\server\RdtClient.Web
2020-04-04T14:44:06.0389258-06:00	FAIL	[Microsoft.AspNetCore.Server.IIS.Core.IISHttpServer]	[ApplicationError]	Connection ID "18302628887244309062", Request ID "80000247-0000-fe00-b63f-84710c7967bb": An unhandled exception was thrown by the application.System.InvalidOperationException: The SPA default page middleware could not return the default page '/index.html' because it was not found, and no other middleware handled the request.

   at Microsoft.AspNetCore.SpaServices.SpaDefaultPageMiddleware.<>c__DisplayClass0_0.<Attach>b__1(HttpContext context, Func`1 next)
   at Microsoft.AspNetCore.Builder.UseExtensions.<>c__DisplayClass0_1.<Use>b__1(HttpContext context)
   at Microsoft.AspNetCore.StaticFiles.StaticFileMiddleware.TryServeStaticFile(HttpContext context, String contentType, PathString subPath)
   at Microsoft.AspNetCore.StaticFiles.StaticFileMiddleware.Invoke(HttpContext context)
   at Microsoft.AspNetCore.Builder.UseExtensions.<>c__DisplayClass0_2.<Use>b__2()
   at Microsoft.AspNetCore.SpaServices.SpaDefaultPageMiddleware.<>c__DisplayClass0_0.<Attach>b__0(HttpContext context, Func`1 next)
   at Microsoft.AspNetCore.Builder.UseExtensions.<>c__DisplayClass0_1.<Use>b__1(HttpContext context)
   at Microsoft.AspNetCore.Routing.EndpointMiddleware.Invoke(HttpContext httpContext)
   at Microsoft.AspNetCore.Authorization.AuthorizationMiddleware.Invoke(HttpContext context)
   at Microsoft.AspNetCore.Server.IIS.Core.IISHttpContextOfT`1.ProcessRequestAsync()

2020-04-04T14:44:07.1916383-06:00	FAIL	[Microsoft.AspNetCore.Server.IIS.Core.IISHttpServer]	[ApplicationError]	Connection ID "18302628930193982207", Request ID "80000300-000a-fe00-b63f-84710c7967bb": An unhandled exception was thrown by the application.System.InvalidOperationException: The SPA default page middleware could not return the default page '/index.html' because it was not found, and no other middleware handled the request.

   at Microsoft.AspNetCore.SpaServices.SpaDefaultPageMiddleware.<>c__DisplayClass0_0.<Attach>b__1(HttpContext context, Func`1 next)
   at Microsoft.AspNetCore.Builder.UseExtensions.<>c__DisplayClass0_1.<Use>b__1(HttpContext context)
   at Microsoft.AspNetCore.StaticFiles.StaticFileMiddleware.TryServeStaticFile(HttpContext context, String contentType, PathString subPath)
   at Microsoft.AspNetCore.StaticFiles.StaticFileMiddleware.Invoke(HttpContext context)
   at Microsoft.AspNetCore.Builder.UseExtensions.<>c__DisplayClass0_2.<Use>b__2()
   at Microsoft.AspNetCore.SpaServices.SpaDefaultPageMiddleware.<>c__DisplayClass0_0.<Attach>b__0(HttpContext context, Func`1 next)
   at Microsoft.AspNetCore.Builder.UseExtensions.<>c__DisplayClass0_1.<Use>b__1(HttpContext context)
   at Microsoft.AspNetCore.Routing.EndpointMiddleware.Invoke(HttpContext httpContext)
   at Microsoft.AspNetCore.Authorization.AuthorizationMiddleware.Invoke(HttpContext context)
   at Microsoft.AspNetCore.Server.IIS.Core.IISHttpContextOfT`1.ProcessRequestAsync()

2020-04-04T14:47:54.0323392-06:00	INFO	[Hangfire.BackgroundJobServer]	[0]	Starting Hangfire Server using job storage: 'Hangfire.MemoryStorage.MemoryStorage'
2020-04-04T14:47:54.0367216-06:00	INFO	[Hangfire.BackgroundJobServer]	[0]	Using the following options for Hangfire Server:
    Worker count: 20
    Listening queues: 'default'
    Shutdown timeout: 00:00:15
    Schedule polling interval: 00:00:15
2020-04-04T14:47:54.1985129-06:00	INFO	[Hangfire.BackgroundJobServer]	[0]	Starting Hangfire Server using job storage: 'Hangfire.MemoryStorage.MemoryStorage'
2020-04-04T14:47:54.1996782-06:00	INFO	[Hangfire.BackgroundJobServer]	[0]	Using the following options for Hangfire Server:
    Worker count: 20
    Listening queues: 'default'
    Shutdown timeout: 00:00:15
    Schedule polling interval: 00:00:15
2020-04-04T14:47:54.2766426-06:00	INFO	[Hangfire.Server.BackgroundServerProcess]	[0]	Server roger-pc:9924:7a1f1a6b successfully announced in 70.8826 ms
2020-04-04T14:47:54.2806642-06:00	INFO	[Hangfire.Server.BackgroundServerProcess]	[0]	Server roger-pc:9924:d0351e6f successfully announced in 214.1212 ms
2020-04-04T14:47:54.2889140-06:00	INFO	[Hangfire.Server.BackgroundServerProcess]	[0]	Server roger-pc:9924:7a1f1a6b is starting the registered dispatchers: ServerWatchdog, ServerJobCancellationWatcher, ExpirationManager, CountersAggregator, Worker, DelayedJobScheduler, RecurringJobScheduler...
2020-04-04T14:47:54.2900438-06:00	INFO	[Hangfire.Server.BackgroundServerProcess]	[0]	Server roger-pc:9924:d0351e6f is starting the registered dispatchers: ServerWatchdog, ServerJobCancellationWatcher, ExpirationManager, CountersAggregator, Worker, DelayedJobScheduler, RecurringJobScheduler...
2020-04-04T14:47:54.4139151-06:00	INFO	[Hangfire.Server.BackgroundServerProcess]	[0]	Server roger-pc:9924:d0351e6f all the dispatchers started
2020-04-04T14:47:54.4368669-06:00	INFO	[Hangfire.Server.BackgroundServerProcess]	[0]	Server roger-pc:9924:7a1f1a6b all the dispatchers started
2020-04-04T14:47:55.2715624-06:00	INFO	[Microsoft.Hosting.Lifetime]	[0]	Application started. Press Ctrl+C to shut down.
2020-04-04T14:47:55.2771286-06:00	INFO	[Microsoft.Hosting.Lifetime]	[0]	Hosting environment: Development
2020-04-04T14:47:55.2789075-06:00	INFO	[Microsoft.Hosting.Lifetime]	[0]	Content root path: C:\Projects\rdt-client\server\RdtClient.Web
2020-04-04T14:48:49.5565338-06:00	INFO	[Hangfire.BackgroundJobServer]	[0]	Starting Hangfire Server using job storage: 'Hangfire.MemoryStorage.MemoryStorage'
2020-04-04T14:48:49.5594208-06:00	INFO	[Hangfire.BackgroundJobServer]	[0]	Using the following options for Hangfire Server:
    Worker count: 20
    Listening queues: 'default'
    Shutdown timeout: 00:00:15
    Schedule polling interval: 00:00:15
2020-04-04T14:48:49.6547594-06:00	INFO	[Hangfire.BackgroundJobServer]	[0]	Starting Hangfire Server using job storage: 'Hangfire.MemoryStorage.MemoryStorage'
2020-04-04T14:48:49.6547886-06:00	INFO	[Hangfire.BackgroundJobServer]	[0]	Using the following options for Hangfire Server:
    Worker count: 20
    Listening queues: 'default'
    Shutdown timeout: 00:00:15
    Schedule polling interval: 00:00:15
2020-04-04T14:48:49.6754648-06:00	INFO	[Hangfire.Server.BackgroundServerProcess]	[0]	Server roger-pc:22936:b12db8cb successfully announced in 105.0262 ms
2020-04-04T14:48:49.6754648-06:00	INFO	[Hangfire.Server.BackgroundServerProcess]	[0]	Server roger-pc:22936:fd149353 successfully announced in 19.6826 ms
2020-04-04T14:48:49.6783402-06:00	INFO	[Hangfire.Server.BackgroundServerProcess]	[0]	Server roger-pc:22936:b12db8cb is starting the registered dispatchers: ServerWatchdog, ServerJobCancellationWatcher, ExpirationManager, CountersAggregator, Worker, DelayedJobScheduler, RecurringJobScheduler...
2020-04-04T14:48:49.6783431-06:00	INFO	[Hangfire.Server.BackgroundServerProcess]	[0]	Server roger-pc:22936:fd149353 is starting the registered dispatchers: ServerWatchdog, ServerJobCancellationWatcher, ExpirationManager, CountersAggregator, Worker, DelayedJobScheduler, RecurringJobScheduler...
2020-04-04T14:48:50.1962026-06:00	INFO	[Hangfire.Server.BackgroundServerProcess]	[0]	Server roger-pc:22936:fd149353 all the dispatchers started
2020-04-04T14:48:50.1981452-06:00	INFO	[Hangfire.Server.BackgroundServerProcess]	[0]	Server roger-pc:22936:b12db8cb all the dispatchers started
2020-04-04T14:48:51.0147387-06:00	INFO	[Microsoft.Hosting.Lifetime]	[0]	Application started. Press Ctrl+C to shut down.
2020-04-04T14:48:51.0220660-06:00	INFO	[Microsoft.Hosting.Lifetime]	[0]	Hosting environment: Development
2020-04-04T14:48:51.0239132-06:00	INFO	[Microsoft.Hosting.Lifetime]	[0]	Content root path: C:\Projects\rdt-client\server\RdtClient.Web
2020-04-04T14:50:09.5762316-06:00	INFO	[Hangfire.BackgroundJobServer]	[0]	Starting Hangfire Server using job storage: 'Hangfire.MemoryStorage.MemoryStorage'
2020-04-04T14:50:09.5792141-06:00	INFO	[Hangfire.BackgroundJobServer]	[0]	Using the following options for Hangfire Server:
    Worker count: 20
    Listening queues: 'default'
    Shutdown timeout: 00:00:15
    Schedule polling interval: 00:00:15
2020-04-04T14:50:09.6739724-06:00	INFO	[Hangfire.BackgroundJobServer]	[0]	Starting Hangfire Server using job storage: 'Hangfire.MemoryStorage.MemoryStorage'
2020-04-04T14:50:09.6740028-06:00	INFO	[Hangfire.BackgroundJobServer]	[0]	Using the following options for Hangfire Server:
    Worker count: 20
    Listening queues: 'default'
    Shutdown timeout: 00:00:15
    Schedule polling interval: 00:00:15
2020-04-04T14:50:09.6944222-06:00	INFO	[Hangfire.Server.BackgroundServerProcess]	[0]	Server roger-pc:18196:9c827089 successfully announced in 19.5569 ms
2020-04-04T14:50:09.6944222-06:00	INFO	[Hangfire.Server.BackgroundServerProcess]	[0]	Server roger-pc:18196:a1cafa69 successfully announced in 104.5052 ms
2020-04-04T14:50:09.6970626-06:00	INFO	[Hangfire.Server.BackgroundServerProcess]	[0]	Server roger-pc:18196:9c827089 is starting the registered dispatchers: ServerWatchdog, ServerJobCancellationWatcher, ExpirationManager, CountersAggregator, Worker, DelayedJobScheduler, RecurringJobScheduler...
2020-04-04T14:50:09.6970626-06:00	INFO	[Hangfire.Server.BackgroundServerProcess]	[0]	Server roger-pc:18196:a1cafa69 is starting the registered dispatchers: ServerWatchdog, ServerJobCancellationWatcher, ExpirationManager, CountersAggregator, Worker, DelayedJobScheduler, RecurringJobScheduler...
2020-04-04T14:50:09.7022113-06:00	INFO	[Hangfire.Server.BackgroundServerProcess]	[0]	Server roger-pc:18196:9c827089 all the dispatchers started
2020-04-04T14:50:09.7024526-06:00	INFO	[Hangfire.Server.BackgroundServerProcess]	[0]	Server roger-pc:18196:a1cafa69 all the dispatchers started
2020-04-04T14:50:10.8721989-06:00	INFO	[Microsoft.Hosting.Lifetime]	[0]	Application started. Press Ctrl+C to shut down.
2020-04-04T14:50:10.8807198-06:00	INFO	[Microsoft.Hosting.Lifetime]	[0]	Hosting environment: Development
2020-04-04T14:50:10.8830457-06:00	INFO	[Microsoft.Hosting.Lifetime]	[0]	Content root path: C:\Projects\rdt-client\server\RdtClient.Web
